<?xml version="1.0" encoding="UTF-8"?>
<!-- Generated by org.testng.reporters.JUnitReportReporter -->
<testsuite hostname="LAPTOP-ER81FAOP" failures="0" tests="2" name="testNgTest.TestNgClass3" time="102.086" errors="0" timestamp="2023-02-23T01:41:42 IST" skipped="0">
  <testcase classname="testNgTest.TestNgClass3" name="VerifyNewReleseSecondProAddToCart" time="45.227"/>
  <system-out/>
  <testcase classname="testNgTest.TestNgClass3" name="VerifyBestSellerFirstProAddToCart" time="56.859"/>
  <system-out/>
</testsuite> <!-- testNgTest.TestNgClass3 -->
