<?xml version="1.0" encoding="UTF-8"?>
<!-- Generated by org.testng.reporters.JUnitReportReporter -->
<testsuite hostname="LAPTOP-ER81FAOP" failures="0" tests="1" name="testNgTest.TestNgClass" time="0.008" errors="0" timestamp="2023-01-26T00:50:40 IST" skipped="0">
  <testcase classname="testNgTest.TestNgClass" name="test" time="0.008"/>
  <system-out/>
</testsuite> <!-- testNgTest.TestNgClass -->
