<?xml version="1.0" encoding="UTF-8"?>
<!-- Generated by org.testng.reporters.JUnitReportReporter -->
<testsuite hostname="LAPTOP-ER81FAOP" failures="0" tests="1" name="testNgTest.TestNgclass4" time="41.463" errors="0" timestamp="2023-02-07T18:18:22 IST" skipped="0">
  <testcase classname="testNgTest.TestNgclass4" name="VerifyAmazonMiniTvTopVideoPlay" time="41.463"/>
  <system-out/>
</testsuite> <!-- testNgTest.TestNgclass4 -->
